==> Making package: aic94xx-firmware 30-9 (Sun Nov 12 20:32:56 UTC 2017)
==> Checking runtime dependencies...
==> Checking buildtime dependencies...
==> Retrieving sources...
  -> Downloading aic94xx-seq-30-1.tar.gz...
  % Total    % Received % Xferd  Average Speed   Time    Time     Time  Current
                                 Dload  Upload   Total   Spent    Left  Speed
  0     0    0     0    0     0      0      0 --:--:-- --:--:-- --:--:--     0100 19597  100 19597    0     0  19597      0  0:00:01 --:--:--  0:00:01  129k
  -> Found LICENSE.aic94xx
==> Validating source files with sha256sums...
    aic94xx-seq-30-1.tar.gz ... Passed
    LICENSE.aic94xx ... Passed
==> Extracting sources...
  -> Extracting aic94xx-seq-30-1.tar.gz with bsdtar
==> Starting build()...
x lib/firmware/aic94xx-seq.fw
==> Entering fakeroot environment...
==> Starting package()...
==> Tidying install...
  -> Removing libtool files...
  -> Purging unwanted files...
  -> Removing static library files...
  -> Stripping unneeded symbols from binaries and libraries...
  -> Compressing man and info pages...
==> Checking for packaging issue...
==> Creating package "aic94xx-firmware"...
  -> Generating .PKGINFO file...
  -> Generating .BUILDINFO file...
  -> Generating .MTREE file...
  -> Compressing package...
==> Signing package...
  -> Created signature file /home/builder/aur-build/repo/aic94xx-firmware-30-9-any.pkg.tar.xz.sig.
==> Leaving fakeroot environment.
==> Finished making: aic94xx-firmware 30-9 (Sun Nov 12 20:32:57 UTC 2017)
==> Installing package aic94xx-firmware with pacman -U...
loading packages...
resolving dependencies...
looking for conflicting packages...

Packages (1) aic94xx-firmware-30-9

Total Installed Size:  0.06 MiB

:: Proceed with installation? [Y/n] warning: no /var/cache/pacman/pkg/ cache exists, creating...

checking keyring...
checking package integrity...
loading package files...
checking for file conflicts...
checking available disk space...
:: Processing package changes...
installing aic94xx-firmware...
:: Running post-transaction hooks...
(1/2) Cleaning up package cache...
(2/2) Arming ConditionNeedsUpdate...
