==> Making package: based-connect-git r79.2f5c7ff-1 (Sun Nov 12 20:32:58 UTC 2017)
==> Checking runtime dependencies...
==> Installing missing dependencies...
resolving dependencies...
looking for conflicting packages...

Packages (1) bluez-libs-5.47-2

Total Download Size:   0.07 MiB
Total Installed Size:  0.30 MiB

:: Proceed with installation? [Y/n] warning: no /var/cache/pacman/pkg/ cache exists, creating...

:: Retrieving packages...
downloading bluez-libs-5.47-2-x86_64.pkg.tar.xz...
checking keyring...
checking package integrity...
loading package files...
checking for file conflicts...
checking available disk space...
:: Processing package changes...
installing bluez-libs...
:: Running post-transaction hooks...
(1/2) Cleaning up package cache...
(2/2) Arming ConditionNeedsUpdate...
==> Checking buildtime dependencies...
==> Retrieving sources...
  -> Cloning based-connect git repo...
Cloning into bare repository '/home/builder/aur-build/based-connect-git/based-connect'...
==> Validating source files with md5sums...
    based-connect ... Skipped
==> Extracting sources...
  -> Creating working copy of based-connect git repo...
Cloning into 'based-connect'...
done.
==> Starting pkgver()...
==> Updated version: based-connect-git r127.335c665-1
==> Starting build()...
gcc -c -o based.o based.c -Wall -MMD -O
gcc -c -o bluetooth.o bluetooth.c -Wall -MMD -O
gcc -c -o main.o main.c -Wall -MMD -O
gcc -c -o util.o util.c -Wall -MMD -O
gcc -o based-connect based.o bluetooth.o main.o util.o -lbluetooth
==> Entering fakeroot environment...
==> Starting package()...
install -Dm 755 based-connect /home/builder/aur-build/based-connect-git/pkg/based-connect-git/usr/bin/based-connect
==> Tidying install...
  -> Removing libtool files...
  -> Purging unwanted files...
  -> Removing static library files...
  -> Stripping unneeded symbols from binaries and libraries...
  -> Compressing man and info pages...
==> Checking for packaging issue...
==> Creating package "based-connect-git"...
  -> Generating .PKGINFO file...
  -> Generating .BUILDINFO file...
  -> Generating .MTREE file...
  -> Compressing package...
==> Signing package...
  -> Created signature file /home/builder/aur-build/repo/based-connect-git-r127.335c665-1-x86_64.pkg.tar.xz.sig.
==> Leaving fakeroot environment.
==> Finished making: based-connect-git r127.335c665-1 (Sun Nov 12 20:33:00 UTC 2017)
==> Installing package based-connect-git with pacman -U...
loading packages...
resolving dependencies...
looking for conflicting packages...

Packages (1) based-connect-git-r127.335c665-1

Total Installed Size:  0.03 MiB

:: Proceed with installation? [Y/n] warning: no /var/cache/pacman/pkg/ cache exists, creating...

checking keyring...
checking package integrity...
loading package files...
checking for file conflicts...
checking available disk space...
:: Processing package changes...
installing based-connect-git...
:: Running post-transaction hooks...
(1/2) Cleaning up package cache...
(2/2) Arming ConditionNeedsUpdate...
