==> Making package: cower 17-2 (Sun Nov 12 20:33:01 UTC 2017)
==> Checking runtime dependencies...
==> Installing missing dependencies...
resolving dependencies...
looking for conflicting packages...

Packages (1) yajl-2.1.0-1

Total Download Size:   0.03 MiB
Total Installed Size:  0.16 MiB

:: Proceed with installation? [Y/n] warning: no /var/cache/pacman/pkg/ cache exists, creating...

:: Retrieving packages...
downloading yajl-2.1.0-1-x86_64.pkg.tar.xz...
checking keyring...
checking package integrity...
loading package files...
checking for file conflicts...
checking available disk space...
:: Processing package changes...
installing yajl...
:: Running post-transaction hooks...
(1/2) Cleaning up package cache...
(2/2) Arming ConditionNeedsUpdate...
==> Checking buildtime dependencies...
==> Retrieving sources...
  -> Downloading cower-17.tar.gz...
  % Total    % Received % Xferd  Average Speed   Time    Time     Time  Current
                                 Dload  Upload   Total   Spent    Left  Speed
  0     0    0     0    0     0      0      0 --:--:-- --:--:-- --:--:--     0  0 25661    0     0    0     0      0      0 --:--:-- --:--:-- --:--:--     0100 25661  100 25661    0     0  25661      0  0:00:01 --:--:--  0:00:01 29907
  -> Downloading cower-17.tar.gz.sig...
  % Total    % Received % Xferd  Average Speed   Time    Time     Time  Current
                                 Dload  Upload   Total   Spent    Left  Speed
  0     0    0     0    0     0      0      0 --:--:-- --:--:-- --:--:--     0100   310  100   310    0     0    310      0  0:00:01 --:--:--  0:00:01   639
==> Validating source files with md5sums...
    cower-17.tar.gz ... Passed
    cower-17.tar.gz.sig ... Skipped
==> Verifying source file signatures with gpg...
    cower-17.tar.gz ... Passed
==> Extracting sources...
  -> Extracting cower-17.tar.gz with bsdtar
==> Starting build()...
cc -Wclobbered -Wempty-body -Wfloat-equal -Wignored-qualifiers -Wmissing-declarations -Wmissing-parameter-type -Wsign-compare -Wmissing-prototypes -Wold-style-declaration -Wtype-limits -Woverride-init -Wunused -Wstrict-prototypes -Wuninitialized -std=c99 -g -pthread -pedantic -Wall -Wextra -fstack-protector-strong -O2 -march=x86-64 -mtune=generic -O2 -pipe -fstack-protector-strong -fno-plt -D_GNU_SOURCE -DCOWER_VERSION=\"17\" -D_FORTIFY_SOURCE=2  -c -o cower.o src/cower.c
cc -Wclobbered -Wempty-body -Wfloat-equal -Wignored-qualifiers -Wmissing-declarations -Wmissing-parameter-type -Wsign-compare -Wmissing-prototypes -Wold-style-declaration -Wtype-limits -Woverride-init -Wunused -Wstrict-prototypes -Wuninitialized -std=c99 -g -pthread -pedantic -Wall -Wextra -fstack-protector-strong -O2 -march=x86-64 -mtune=generic -O2 -pipe -fstack-protector-strong -fno-plt -D_GNU_SOURCE -DCOWER_VERSION=\"17\" -D_FORTIFY_SOURCE=2  -c -o aur.o src/aur.c
cc -Wclobbered -Wempty-body -Wfloat-equal -Wignored-qualifiers -Wmissing-declarations -Wmissing-parameter-type -Wsign-compare -Wmissing-prototypes -Wold-style-declaration -Wtype-limits -Woverride-init -Wunused -Wstrict-prototypes -Wuninitialized -std=c99 -g -pthread -pedantic -Wall -Wextra -fstack-protector-strong -O2 -march=x86-64 -mtune=generic -O2 -pipe -fstack-protector-strong -fno-plt -D_GNU_SOURCE -DCOWER_VERSION=\"17\" -D_FORTIFY_SOURCE=2  -c -o package.o src/package.c
src/cower.c: In function ‘parse_options’:
src/cower.c:1194:23: warning: this statement may fall through [-Wimplicit-fallthrough=]
         cfg.sortorder = SORT_REVERSE;
         ~~~~~~~~~~~~~~^~~~~~~~~~~~~~
src/cower.c:1195:7: note: here
       case OP_SORT:
       ^~~~
pod2man --section=1 --center="Cower Manual" --name="COWER" --release="cower 17" README.pod cower.1
cc -pthread  -Wl,-O1,--sort-common,--as-needed,-z,relro,-z,now  cower.o aur.o package.o  -lcurl -lalpm -lyajl -larchive -o cower
==> Entering fakeroot environment...
==> Starting package()...
install -D -m755 cower "/home/builder/aur-build/cower/pkg/cower/usr/bin/cower"
install -D -m644 cower.1 "/home/builder/aur-build/cower/pkg/cower/usr/share/man/man1/cower.1"
install -D -m644 extra/bash_completion "/home/builder/aur-build/cower/pkg/cower/usr/share/bash-completion/completions/cower"
install -D -m644 extra/zsh_completion "/home/builder/aur-build/cower/pkg/cower/usr/share/zsh/site-functions/_cower"
install -D -m644 config "/home/builder/aur-build/cower/pkg/cower/usr/share/doc/cower/config"
==> Tidying install...
  -> Removing libtool files...
  -> Purging unwanted files...
  -> Removing static library files...
  -> Stripping unneeded symbols from binaries and libraries...
  -> Compressing man and info pages...
==> Checking for packaging issue...
==> Creating package "cower"...
  -> Generating .PKGINFO file...
  -> Generating .BUILDINFO file...
  -> Generating .MTREE file...
  -> Compressing package...
==> Signing package...
  -> Created signature file /home/builder/aur-build/repo/cower-17-2-x86_64.pkg.tar.xz.sig.
==> Leaving fakeroot environment.
==> Finished making: cower 17-2 (Sun Nov 12 20:33:06 UTC 2017)
==> Installing package cower with pacman -U...
loading packages...
resolving dependencies...
looking for conflicting packages...

Packages (1) cower-17-2

Total Installed Size:  0.11 MiB

:: Proceed with installation? [Y/n] warning: no /var/cache/pacman/pkg/ cache exists, creating...

checking keyring...
checking package integrity...
loading package files...
checking for file conflicts...
checking available disk space...
:: Processing package changes...
installing cower...
:: Running post-transaction hooks...
(1/2) Cleaning up package cache...
(2/2) Arming ConditionNeedsUpdate...
