==> WARNING: A package has already been built, installing existing package...
==> Installing package cower with pacman -U...
loading packages...
resolving dependencies...
looking for conflicting packages...

Packages (2) yajl-2.1.0-1  cower-17-2

Total Download Size:   0.03 MiB
Total Installed Size:  0.28 MiB

:: Proceed with installation? [Y/n] warning: no /var/cache/pacman/pkg/ cache exists, creating...

:: Retrieving packages...
downloading yajl-2.1.0-1-x86_64.pkg.tar.xz...
checking keyring...
checking package integrity...
loading package files...
checking for file conflicts...
checking available disk space...
:: Processing package changes...
installing yajl...
installing cower...
:: Running post-transaction hooks...
(1/2) Cleaning up package cache...
(2/2) Arming ConditionNeedsUpdate...
