==> Making package: entr 3.9-1 (Sun Nov 12 20:33:07 UTC 2017)
==> Checking runtime dependencies...
==> Checking buildtime dependencies...
==> Retrieving sources...
  -> Downloading entr-3.9.tar.gz...
  % Total    % Received % Xferd  Average Speed   Time    Time     Time  Current
                                 Dload  Upload   Total   Spent    Left  Speed
  0     0    0     0    0     0      0      0 --:--:-- --:--:-- --:--:--     0100 24554  100 24554    0     0  24554      0  0:00:01 --:--:--  0:00:01  107k
==> Validating source files with sha256sums...
    entr-3.9.tar.gz ... Passed
==> Extracting sources...
  -> Extracting entr-3.9.tar.gz with bsdtar
==> Starting build()...
cp ./Makefile.linux Makefile
cc -march=x86-64 -mtune=generic -O2 -pipe -fstack-protector-strong -fno-plt -D_FORTIFY_SOURCE=2 -D_GNU_SOURCE -D_LINUX_PORT -Imissing -DRELEASE=\"3.9\" missing/strlcpy.c missing/kqueue_inotify.c entr.c -o entr -Wl,-O1,--sort-common,--as-needed,-z,relro,-z,now
entr.c: In function 'set_options':
entr.c:322:19: warning: comparison between pointer and zero character constant [-Wpointer-compare]
  if (argv[optind] == '\0')
                   ^~
entr.c:322:6: note: did you mean to dereference the pointer?
  if (argv[optind] == '\0')
      ^
entr.c:324:42: warning: comparison between pointer and zero character constant [-Wpointer-compare]
  if ((shell_opt == 1) && (argv[optind+1] != '\0'))
                                          ^~
entr.c:324:27: note: did you mean to dereference the pointer?
  if ((shell_opt == 1) && (argv[optind+1] != '\0'))
                           ^
entr.c: In function 'run_utility':
entr.c:382:4: warning: ignoring return value of 'system', declared with attribute warn_unused_result [-Wunused-result]
    (void) system("/usr/bin/clear");
    ^~~~~~~~~~~~~~~~~~~~~~~~~~~~~~~
==> Starting check()...
cc -march=x86-64 -mtune=generic -O2 -pipe -fstack-protector-strong -fno-plt -D_FORTIFY_SOURCE=2 -D_GNU_SOURCE -D_LINUX_PORT -Imissing -DRELEASE=\"3.9\" missing/strlcpy.c missing/kqueue_inotify.c entr_spec.c -o entr_spec -Wl,-O1,--sort-common,--as-needed,-z,relro,-z,now
In file included from entr_spec.c:17:0:
entr.c: In function 'set_options':
entr.c:322:19: warning: comparison between pointer and zero character constant [-Wpointer-compare]
  if (argv[optind] == '\0')
                   ^~
entr.c:322:6: note: did you mean to dereference the pointer?
  if (argv[optind] == '\0')
      ^
entr.c:324:42: warning: comparison between pointer and zero character constant [-Wpointer-compare]
  if ((shell_opt == 1) && (argv[optind+1] != '\0'))
                                          ^~
entr.c:324:27: note: did you mean to dereference the pointer?
  if ((shell_opt == 1) && (argv[optind+1] != '\0'))
                           ^
entr.c: In function 'run_utility':
entr.c:382:4: warning: ignoring return value of 'system', declared with attribute warn_unused_result [-Wunused-result]
    (void) system("/usr/bin/clear");
    ^~~~~~~~~~~~~~~~~~~~~~~~~~~~~~~
Running unit tests
25 of 25 tests PASSED
==> Entering fakeroot environment...
==> Starting package()...
install entr /home/builder/aur-build/entr/pkg/entr/usr/bin
install -m 644 entr.1 /home/builder/aur-build/entr/pkg/entr/usr/share/man/man1
==> Tidying install...
  -> Removing libtool files...
  -> Purging unwanted files...
  -> Removing static library files...
  -> Stripping unneeded symbols from binaries and libraries...
  -> Compressing man and info pages...
==> Checking for packaging issue...
==> Creating package "entr"...
  -> Generating .PKGINFO file...
  -> Generating .BUILDINFO file...
  -> Generating .MTREE file...
  -> Compressing package...
==> Signing package...
  -> Created signature file /home/builder/aur-build/repo/entr-3.9-1-x86_64.pkg.tar.xz.sig.
==> Leaving fakeroot environment.
==> Finished making: entr 3.9-1 (Sun Nov 12 20:33:10 UTC 2017)
==> Installing package entr with pacman -U...
loading packages...
resolving dependencies...
looking for conflicting packages...

Packages (1) entr-3.9-1

Total Installed Size:  0.05 MiB

:: Proceed with installation? [Y/n] warning: no /var/cache/pacman/pkg/ cache exists, creating...

checking keyring...
checking package integrity...
loading package files...
checking for file conflicts...
checking available disk space...
:: Processing package changes...
installing entr...
:: Running post-transaction hooks...
(1/2) Cleaning up package cache...
(2/2) Arming ConditionNeedsUpdate...
