==> WARNING: A package has already been built, installing existing package...
==> Installing package fontawesome.sty with pacman -U...
loading packages...
resolving dependencies...
looking for conflicting packages...
warning: dependency cycle detected:
warning: harfbuzz will be installed before its freetype2 dependency

Packages (47) cairo-1.15.8-2  fontconfig-2.12.6-1  freetype2-2.8.1-1  gd-2.2.5-1  giflib-5.1.4-1  graphite-1:1.3.10-1  harfbuzz-1.6.3-1  harfbuzz-icu-1.6.3-1  kbproto-1.0.7-1  lcms2-2.8-2  libice-1.0.9-1  libjpeg-turbo-1.5.2-1  libpaper-1.1.24-10  libpng-1.6.34-2  libsigsegv-2.11-1  libsm-1.2.2-2  libsynctex-2017.44590-8  libtiff-4.0.8-2  libwebp-0.6.0-1  libx11-1.6.5-1  libxau-1.0.8-2  libxaw-1.0.13-1  libxcb-1.12-1  libxdmcp-1.1.2-1  libxext-1.3.3-1  libxmu-1.1.2-1  libxpm-3.5.12-1  libxrender-0.9.10-1  libxt-1.1.5-1  lzo-2.10-1  nspr-4.17-1  nss-3.33-2  openjpeg2-2.3.0-1  otf-font-awesome-4.7.0-5  pixman-0.34.0-1  poppler-0.61.0-2  potrace-1.14-1  renderproto-0.11.1-3  run-parts-4.8.1-1  t1lib-5.1.2-6  texlive-bin-2017.44590-8  texlive-core-2017.45811-1  xcb-proto-1.12-3  xextproto-7.3.0-1  xproto-7.0.31-1  zziplib-0.13.67-1  fontawesome.sty-4.6.3.2-1

Total Download Size:   163.18 MiB
Total Installed Size:  484.95 MiB

:: Proceed with installation? [Y/n] warning: no /var/cache/pacman/pkg/ cache exists, creating...

:: Retrieving packages...
downloading lzo-2.10-1-x86_64.pkg.tar.xz...
downloading nspr-4.17-1-x86_64.pkg.tar.xz...
downloading nss-3.33-2-x86_64.pkg.tar.xz...
downloading run-parts-4.8.1-1-x86_64.pkg.tar.xz...
downloading libpng-1.6.34-2-x86_64.pkg.tar.xz...
downloading xcb-proto-1.12-3-any.pkg.tar.xz...
downloading xproto-7.0.31-1-any.pkg.tar.xz...
downloading libxdmcp-1.1.2-1-x86_64.pkg.tar.xz...
downloading libxau-1.0.8-2-x86_64.pkg.tar.xz...
downloading libxcb-1.12-1-x86_64.pkg.tar.xz...
downloading kbproto-1.0.7-1-any.pkg.tar.xz...
downloading libx11-1.6.5-1-x86_64.pkg.tar.xz...
downloading renderproto-0.11.1-3-any.pkg.tar.xz...
downloading libxrender-0.9.10-1-x86_64.pkg.tar.xz...
downloading xextproto-7.3.0-1-any.pkg.tar.xz...
downloading libxext-1.3.3-1-x86_64.pkg.tar.xz...
downloading graphite-1:1.3.10-1-x86_64.pkg.tar.xz...
downloading harfbuzz-1.6.3-1-x86_64.pkg.tar.xz...
downloading freetype2-2.8.1-1-x86_64.pkg.tar.xz...
downloading fontconfig-2.12.6-1-x86_64.pkg.tar.xz...
downloading pixman-0.34.0-1-x86_64.pkg.tar.xz...
downloading cairo-1.15.8-2-x86_64.pkg.tar.xz...
downloading libice-1.0.9-1-x86_64.pkg.tar.xz...
downloading libsm-1.2.2-2-x86_64.pkg.tar.xz...
downloading libxt-1.1.5-1-x86_64.pkg.tar.xz...
downloading libxmu-1.1.2-1-x86_64.pkg.tar.xz...
downloading libxpm-3.5.12-1-x86_64.pkg.tar.xz...
downloading libxaw-1.0.13-1-x86_64.pkg.tar.xz...
downloading t1lib-5.1.2-6-x86_64.pkg.tar.xz...
downloading libjpeg-turbo-1.5.2-1-x86_64.pkg.tar.xz...
downloading libtiff-4.0.8-2-x86_64.pkg.tar.xz...
downloading giflib-5.1.4-1-x86_64.pkg.tar.xz...
downloading libwebp-0.6.0-1-x86_64.pkg.tar.xz...
downloading gd-2.2.5-1-x86_64.pkg.tar.xz...
downloading lcms2-2.8-2-x86_64.pkg.tar.xz...
downloading openjpeg2-2.3.0-1-x86_64.pkg.tar.xz...
downloading poppler-0.61.0-2-x86_64.pkg.tar.xz...
downloading libsigsegv-2.11-1-x86_64.pkg.tar.xz...
downloading zziplib-0.13.67-1-x86_64.pkg.tar.xz...
downloading harfbuzz-icu-1.6.3-1-x86_64.pkg.tar.xz...
downloading potrace-1.14-1-x86_64.pkg.tar.xz...
downloading libpaper-1.1.24-10-x86_64.pkg.tar.xz...
downloading libsynctex-2017.44590-8-x86_64.pkg.tar.xz...
downloading texlive-bin-2017.44590-8-x86_64.pkg.tar.xz...
downloading texlive-core-2017.45811-1-any.pkg.tar.xz...
downloading otf-font-awesome-4.7.0-5-any.pkg.tar.xz...
checking keyring...
checking package integrity...
loading package files...
checking for file conflicts...
checking available disk space...
:: Processing package changes...
installing libpng...
installing xcb-proto...
installing xproto...
installing libxdmcp...
installing libxau...
installing libxcb...
installing kbproto...
installing libx11...
installing renderproto...
installing libxrender...
installing xextproto...
installing libxext...
installing graphite...
installing harfbuzz...
Optional dependencies for harfbuzz
    cairo: hb-view program [pending]
installing freetype2...
installing fontconfig...
  
  Fontconfig configuration is done via /etc/fonts/conf.avail and conf.d.
  Read /etc/fonts/conf.d/README for more information.

  Configuration via /etc/fonts/local.conf is still possible,
  but is no longer recommended for options available in conf.avail.

  Main systemwide configuration should be done by symlinks
  (especially for autohinting, sub-pixel and lcdfilter):
  
  cd /etc/fonts/conf.d
  ln -s ../conf.avail/XX-foo.conf
  
  Check also https://wiki.archlinux.org/index.php/Font_Configuration
  and https://wiki.archlinux.org/index.php/Fonts.

Rebuilding fontconfig cache... done.
installing pixman...
installing lzo...
installing cairo...
installing libice...
installing libsm...
installing libxt...
installing libxmu...
installing libxpm...
installing libxaw...
installing t1lib...
installing libjpeg-turbo...
installing libtiff...
Optional dependencies for libtiff
    freeglut: for using tiffgt
installing giflib...
installing libwebp...
Optional dependencies for libwebp
    freeglut: vwebp viewer
installing gd...
Optional dependencies for gd
    perl: bdftogd script [installed]
installing lcms2...
installing openjpeg2...
installing nspr...
installing nss...
installing poppler...
Optional dependencies for poppler
    poppler-data: encoding data to display PDF documents containing CJK characters
installing libsigsegv...
installing zziplib...
installing harfbuzz-icu...
installing potrace...
installing run-parts...
installing libpaper...
installing libsynctex...
installing texlive-bin...
Optional dependencies for texlive-bin
    ed: for texconfig
    biber: for bibliography processing
installing texlive-core...
>>> updmap custom entries should go into /etc/texmf/web2c/updmap-local.cfg
>>> fmtutil custom entries should go into /etc/texmf/web2c/fmtutil-local.cnf
NB: To setup ConTeXt and the lua(la)tex font db,
    see http://wiki.archlinux.org/index.php/TeX_Live
Optional dependencies for texlive-core
    dialog: for texconfig
    ghostscript: for epstopdf, epspdf and other ConTeXt tools
    java-runtime: for utilities like arara
    perl-tk: for texdoctk
    psutils: to manipulate the output of dvips
    python: for pythontex
    python2: for dviasm
    ruby: for old ConTeXT MkII and epspdf
    t1utils: can be useful when installing Type1 fonts
installing otf-font-awesome...
installing fontawesome.sty...
:: Running post-transaction hooks...
(1/7) Updating fontconfig cache...
(2/7) Updating TeXLive filename database...
(3/7) Cleaning up package cache...
(4/7) Arming ConditionNeedsUpdate...
(5/7) Updating the info directory file...
(6/7) Updating TeXLive format files...
(7/7) Updating TeXLive font maps...
