==> WARNING: A package has already been built, installing existing package...
==> Installing package grub-linux-default with pacman -U...
loading packages...
resolving dependencies...
looking for conflicting packages...

Packages (1) grub-linux-default-2:2.02-3

Total Installed Size:  30.39 MiB

:: Proceed with installation? [Y/n] warning: no /var/cache/pacman/pkg/ cache exists, creating...

checking keyring...
checking package integrity...
loading package files...
checking for file conflicts...
checking available disk space...
:: Processing package changes...
installing grub-linux-default...
Generating grub.cfg.example config file...
This may fail on some machines running a custom kernel.
done.
Optional dependencies for grub-linux-default
    freetype2: For grub-mkfont usage [installed]
    fuse2: For grub-mount usage
    dosfstools: For grub-mkrescue FAT FS and EFI support
    efibootmgr: For grub-install EFI support
    libisoburn: Provides xorriso for generating grub rescue iso using grub-mkrescue
    os-prober: To detect other OSes when generating grub.cfg in BIOS systems
    mtools: For grub-mkrescue FAT FS support
:: Running post-transaction hooks...
(1/3) Cleaning up package cache...
(2/3) Arming ConditionNeedsUpdate...
(3/3) Updating the info directory file...
