==> Making package: pacaur 4.7.10-1 (Sun Nov 12 20:42:52 UTC 2017)
==> Checking runtime dependencies...
==> Installing missing dependencies...
resolving dependencies...
looking for conflicting packages...

Packages (1) expac-8-1

Total Download Size:   0.01 MiB
Total Installed Size:  0.03 MiB

:: Proceed with installation? [Y/n] warning: no /var/cache/pacman/pkg/ cache exists, creating...

:: Retrieving packages...
downloading expac-8-1-x86_64.pkg.tar.xz...
checking keyring...
checking package integrity...
loading package files...
checking for file conflicts...
checking available disk space...
:: Processing package changes...
installing expac...
:: Running post-transaction hooks...
(1/2) Cleaning up package cache...
(2/2) Arming ConditionNeedsUpdate...
==> Checking buildtime dependencies...
==> Retrieving sources...
  -> Downloading 4.7.10.tar.gz...
  % Total    % Received % Xferd  Average Speed   Time    Time     Time  Current
                                 Dload  Upload   Total   Spent    Left  Speed
  0     0    0     0    0     0      0      0 --:--:-- --:--:-- --:--:--     0100   123    0   123    0     0    123      0 --:--:-- --:--:-- --:--:--   745
100 94187  100 94187    0     0  94187      0  0:00:01 --:--:--  0:00:01 94187
==> Validating source files with md5sums...
    4.7.10.tar.gz ... Passed
==> Extracting sources...
  -> Extracting 4.7.10.tar.gz with bsdtar
==> Starting build()...
==> Entering fakeroot environment...
==> Starting package()...
==> Tidying install...
  -> Removing libtool files...
  -> Purging unwanted files...
  -> Removing static library files...
  -> Stripping unneeded symbols from binaries and libraries...
  -> Compressing man and info pages...
==> Checking for packaging issue...
==> Creating package "pacaur"...
  -> Generating .PKGINFO file...
  -> Generating .BUILDINFO file...
  -> Generating .MTREE file...
  -> Compressing package...
==> Signing package...
  -> Created signature file /home/builder/aur-build/repo/pacaur-4.7.10-1-any.pkg.tar.xz.sig.
==> Leaving fakeroot environment.
==> Finished making: pacaur 4.7.10-1 (Sun Nov 12 20:42:55 UTC 2017)
==> Installing package pacaur with pacman -U...
loading packages...
resolving dependencies...
looking for conflicting packages...

Packages (1) pacaur-4.7.10-1

Total Installed Size:  0.61 MiB

:: Proceed with installation? [Y/n] warning: no /var/cache/pacman/pkg/ cache exists, creating...

checking keyring...
checking package integrity...
loading package files...
checking for file conflicts...
checking available disk space...
:: Processing package changes...
installing pacaur...
:: Running post-transaction hooks...
(1/2) Cleaning up package cache...
(2/2) Arming ConditionNeedsUpdate...
