==> WARNING: A package has already been built, installing existing package...
==> Installing package pacaur with pacman -U...
loading packages...
resolving dependencies...
looking for conflicting packages...

Packages (2) expac-8-1  pacaur-4.7.10-1

Total Download Size:   0.01 MiB
Total Installed Size:  0.64 MiB

:: Proceed with installation? [Y/n] warning: no /var/cache/pacman/pkg/ cache exists, creating...

:: Retrieving packages...
downloading expac-8-1-x86_64.pkg.tar.xz...
checking keyring...
checking package integrity...
loading package files...
checking for file conflicts...
checking available disk space...
:: Processing package changes...
installing expac...
installing pacaur...
:: Running post-transaction hooks...
(1/2) Cleaning up package cache...
(2/2) Arming ConditionNeedsUpdate...
