==> Making package: powerline-fonts-git r100.a44abd0-3 (Sun Nov 12 20:43:04 UTC 2017)
==> Checking runtime dependencies...
==> Installing missing dependencies...
resolving dependencies...
looking for conflicting packages...

Packages (3) xorg-bdftopcf-1.1-1  xorg-font-util-1.3.1-1  xorg-font-utils-7.6-4

Total Download Size:   0.05 MiB
Total Installed Size:  0.27 MiB

:: Proceed with installation? [Y/n] warning: no /var/cache/pacman/pkg/ cache exists, creating...

:: Retrieving packages...
downloading xorg-bdftopcf-1.1-1-x86_64.pkg.tar.xz...
downloading xorg-font-util-1.3.1-1-x86_64.pkg.tar.xz...
downloading xorg-font-utils-7.6-4-any.pkg.tar.xz...
checking keyring...
checking package integrity...
loading package files...
checking for file conflicts...
checking available disk space...
:: Processing package changes...
installing xorg-bdftopcf...
installing xorg-font-util...
installing xorg-font-utils...
:: Running post-transaction hooks...
(1/4) Updating fontconfig cache...
(2/4) Cleaning up package cache...
(3/4) Arming ConditionNeedsUpdate...
(4/4) Updating X fontdir indices...
==> Checking buildtime dependencies...
==> Retrieving sources...
  -> Cloning fonts git repo...
Cloning into bare repository '/home/builder/aur-build/powerline-fonts-git/fonts'...
==> Validating source files with md5sums...
    fonts ... Skipped
==> Extracting sources...
  -> Creating working copy of fonts git repo...
Cloning into 'fonts'...
done.
==> Starting pkgver()...
==> Updated version: powerline-fonts-git r182.d70b156-1
==> Entering fakeroot environment...
==> Starting package()...
==> Tidying install...
  -> Removing libtool files...
  -> Purging unwanted files...
  -> Removing static library files...
  -> Stripping unneeded symbols from binaries and libraries...
  -> Compressing man and info pages...
==> Checking for packaging issue...
==> Creating package "powerline-fonts-git"...
  -> Generating .PKGINFO file...
  -> Generating .BUILDINFO file...
  -> Adding install file...
  -> Generating .MTREE file...
  -> Compressing package...
==> Signing package...
  -> Created signature file /home/builder/aur-build/repo/powerline-fonts-git-r182.d70b156-1-any.pkg.tar.xz.sig.
==> Leaving fakeroot environment.
==> Finished making: powerline-fonts-git r182.d70b156-1 (Sun Nov 12 20:43:24 UTC 2017)
==> Installing package powerline-fonts-git with pacman -U...
loading packages...
resolving dependencies...
looking for conflicting packages...

Packages (1) powerline-fonts-git-r182.d70b156-1

Total Installed Size:  35.82 MiB

:: Proceed with installation? [Y/n] warning: no /var/cache/pacman/pkg/ cache exists, creating...

checking keyring...
checking package integrity...
loading package files...
checking for file conflicts...
checking available disk space...
:: Processing package changes...
installing powerline-fonts-git...
Updating font cache... done
:: Running post-transaction hooks...
(1/4) Updating fontconfig cache...
(2/4) Cleaning up package cache...
(3/4) Arming ConditionNeedsUpdate...
(4/4) Updating X fontdir indices...
