==> Making package: powerline-fonts-git r100.a44abd0-3 (Thu Nov 16 03:48:35 UTC 2017)
==> Checking runtime dependencies...
==> Installing missing dependencies...
resolving dependencies...
looking for conflicting packages...

Packages (6) libfontenc-1.1.3-1  xorg-bdftopcf-1.1-1  xorg-font-util-1.3.1-1  xorg-mkfontdir-1.0.7-8  xorg-mkfontscale-1.1.2-1  xorg-font-utils-7.6-4

Total Download Size:   0.09 MiB
Total Installed Size:  0.42 MiB

:: Proceed with installation? [Y/n] warning: no /var/cache/pacman/pkg/ cache exists, creating...

:: Retrieving packages...
downloading xorg-bdftopcf-1.1-1-x86_64.pkg.tar.xz...
downloading libfontenc-1.1.3-1-x86_64.pkg.tar.xz...
downloading xorg-mkfontscale-1.1.2-1-x86_64.pkg.tar.xz...
downloading xorg-mkfontdir-1.0.7-8-any.pkg.tar.xz...
downloading xorg-font-util-1.3.1-1-x86_64.pkg.tar.xz...
downloading xorg-font-utils-7.6-4-any.pkg.tar.xz...
checking keyring...
checking package integrity...
loading package files...
checking for file conflicts...
checking available disk space...
:: Processing package changes...
installing xorg-bdftopcf...
installing libfontenc...
installing xorg-mkfontscale...
installing xorg-mkfontdir...
Creating X fontdir indices... done.
installing xorg-font-util...
installing xorg-font-utils...
:: Running post-transaction hooks...
(1/4) Updating fontconfig cache...
(2/4) Cleaning up package cache...
(3/4) Arming ConditionNeedsUpdate...
(4/4) Updating X fontdir indices...
==> Checking buildtime dependencies...
==> Retrieving sources...
  -> Cloning fonts git repo...
Cloning into bare repository '/home/builder/aur-build/powerline-fonts-git/fonts'...
==> Validating source files with md5sums...
    fonts ... Skipped
==> Extracting sources...
  -> Creating working copy of fonts git repo...
Cloning into 'fonts'...
done.
==> Starting pkgver()...
==> Updated version: powerline-fonts-git r182.d70b156-1
==> WARNING: A package has already been built, installing existing package...
==> Installing package powerline-fonts-git with pacman -U...
loading packages...
resolving dependencies...
looking for conflicting packages...

Packages (1) powerline-fonts-git-r182.d70b156-1

Total Installed Size:  35.82 MiB

:: Proceed with installation? [Y/n] warning: no /var/cache/pacman/pkg/ cache exists, creating...

checking keyring...
checking package integrity...
loading package files...
checking for file conflicts...
checking available disk space...
:: Processing package changes...
installing powerline-fonts-git...
Updating font cache... done
:: Running post-transaction hooks...
(1/4) Updating fontconfig cache...
(2/4) Cleaning up package cache...
(3/4) Arming ConditionNeedsUpdate...
(4/4) Updating X fontdir indices...
