==> Making package: spotify 1.0.66.478-1 (Sun Nov 12 20:43:27 UTC 2017)
==> Checking runtime dependencies...
==> Installing missing dependencies...
resolving dependencies...
looking for conflicting packages...

Packages (42) atk-2.26.1-1  avahi-0.7-1  compositeproto-0.4.2-3  damageproto-1.2.1-3  dbus-glib-0.108-1  fixesproto-5.0+9+g4292ec1-1  gdk-pixbuf2-2.36.11-1  gtk-update-icon-cache-3.22.26-1  hicolor-icon-theme-0.17-1  inputproto-2.3.2-1  jasper-2.0.14-1  js-24.2.0-4  libcroco-0.6.12+4+g9ad7287-1  libcups-2.2.6-1  libdaemon-0.14-3  libdatrie-0.2.10-2  librsvg-2:2.40.19-1  libthai-0.1.27-1  libxcomposite-0.4.4-2  libxcursor-1.1.14-2  libxdamage-1.1.4-2  libxfixes-5.0.3-1  libxft-2.3.2-1  libxi-1.7.9-1  libxinerama-1.1.3-2  libxrandr-1.5.1-1  pango-1.40.13-2  polkit-0.113+29+g3272a98-1  randrproto-1.5.0-1  recordproto-1.14.2-2  scrnsaverproto-1.2.2-2  shared-mime-info-1.9-1  xineramaproto-1.2.1-3  alsa-lib-1.1.4.1-2  desktop-file-utils-0.23-1  gconf-3.2.6-5  gtk2-2.24.31-1  libcurl-compat-7.56.1-1  libxss-1.2.2-2  libxtst-1.2.3-1  openssl-1.0-1.0.2.l-1  rtmpdump-1:2.4.r96.fa8646d-3

Total Download Size:   14.78 MiB
Total Installed Size:  89.04 MiB

:: Proceed with installation? [Y/n] warning: no /var/cache/pacman/pkg/ cache exists, creating...

:: Retrieving packages...
downloading openssl-1.0-1.0.2.l-1-x86_64.pkg.tar.xz...
downloading alsa-lib-1.1.4.1-2-x86_64.pkg.tar.xz...
downloading js-24.2.0-4-x86_64.pkg.tar.xz...
downloading polkit-0.113+29+g3272a98-1-x86_64.pkg.tar.xz...
downloading dbus-glib-0.108-1-x86_64.pkg.tar.xz...
downloading gconf-3.2.6-5-x86_64.pkg.tar.xz...
downloading atk-2.26.1-1-x86_64.pkg.tar.xz...
downloading libdatrie-0.2.10-2-x86_64.pkg.tar.xz...
downloading libthai-0.1.27-1-x86_64.pkg.tar.xz...
downloading libxft-2.3.2-1-x86_64.pkg.tar.xz...
downloading pango-1.40.13-2-x86_64.pkg.tar.xz...
downloading fixesproto-5.0+9+g4292ec1-1-any.pkg.tar.xz...
downloading libxfixes-5.0.3-1-x86_64.pkg.tar.xz...
downloading libxcursor-1.1.14-2-x86_64.pkg.tar.xz...
downloading xineramaproto-1.2.1-3-any.pkg.tar.xz...
downloading libxinerama-1.1.3-2-x86_64.pkg.tar.xz...
downloading randrproto-1.5.0-1-any.pkg.tar.xz...
downloading libxrandr-1.5.1-1-x86_64.pkg.tar.xz...
downloading inputproto-2.3.2-1-any.pkg.tar.xz...
downloading libxi-1.7.9-1-x86_64.pkg.tar.xz...
downloading compositeproto-0.4.2-3-any.pkg.tar.xz...
downloading libxcomposite-0.4.4-2-x86_64.pkg.tar.xz...
downloading damageproto-1.2.1-3-any.pkg.tar.xz...
downloading libxdamage-1.1.4-2-x86_64.pkg.tar.xz...
downloading shared-mime-info-1.9-1-x86_64.pkg.tar.xz...
downloading libdaemon-0.14-3-x86_64.pkg.tar.xz...
downloading avahi-0.7-1-x86_64.pkg.tar.xz...
downloading libcups-2.2.6-1-x86_64.pkg.tar.xz...
downloading jasper-2.0.14-1-x86_64.pkg.tar.xz...
downloading gdk-pixbuf2-2.36.11-1-x86_64.pkg.tar.xz...
downloading hicolor-icon-theme-0.17-1-any.pkg.tar.xz...
downloading gtk-update-icon-cache-3.22.26-1-x86_64.pkg.tar.xz...
downloading libcroco-0.6.12+4+g9ad7287-1-x86_64.pkg.tar.xz...
downloading librsvg-2:2.40.19-1-x86_64.pkg.tar.xz...
downloading desktop-file-utils-0.23-1-x86_64.pkg.tar.xz...
downloading gtk2-2.24.31-1-x86_64.pkg.tar.xz...
downloading recordproto-1.14.2-2-any.pkg.tar.xz...
downloading libxtst-1.2.3-1-x86_64.pkg.tar.xz...
downloading scrnsaverproto-1.2.2-2-any.pkg.tar.xz...
downloading libxss-1.2.2-2-x86_64.pkg.tar.xz...
downloading rtmpdump-1:2.4.r96.fa8646d-3-x86_64.pkg.tar.xz...
downloading libcurl-compat-7.56.1-1-x86_64.pkg.tar.xz...
checking keyring...
checking package integrity...
loading package files...
checking for file conflicts...
checking available disk space...
:: Processing package changes...
installing alsa-lib...
Optional dependencies for alsa-lib
    python2: for python smixer plugin
installing js...
installing polkit...
installing dbus-glib...
installing gconf...
installing atk...
installing libdatrie...
installing libthai...
installing libxft...
installing pango...
installing fixesproto...
installing libxfixes...
installing libxcursor...
Optional dependencies for libxcursor
    gnome-themes-standard: fallback icon theme
installing xineramaproto...
installing libxinerama...
installing randrproto...
installing libxrandr...
installing inputproto...
installing libxi...
installing compositeproto...
installing libxcomposite...
installing damageproto...
installing libxdamage...
installing shared-mime-info...
installing libdaemon...
installing avahi...
Optional dependencies for avahi
    gtk3: avahi-discover, avahi-discover-standalone, bshell, bssh, bvnc
    gtk2: gtk2 bindings [pending]
    qt4: qt4 bindings
    pygtk: avahi-bookmarks
    python2-twisted: avahi-bookmarks
    mono: mono bindings
    nss-mdns: NSS support for mDNS
    python-gobject: avahi-discover
    python-dbus: avahi-discover
installing libcups...
installing jasper...
Optional dependencies for jasper
    jasper-doc: documentation
    freeglut: jiv support
    glu: jiv support
installing gdk-pixbuf2...
installing hicolor-icon-theme...
installing gtk-update-icon-cache...
installing libcroco...
installing librsvg...
installing desktop-file-utils...
installing gtk2...
Optional dependencies for gtk2
    gnome-themes-standard: Default widget theme
    adwaita-icon-theme: Default icon theme
installing recordproto...
installing libxtst...
installing scrnsaverproto...
installing libxss...
installing openssl-1.0...
Optional dependencies for openssl-1.0
    ca-certificates [installed]
installing libcurl-compat...
installing rtmpdump...
:: Running post-transaction hooks...
(1/8) Probing GDK-Pixbuf loader modules...
(2/8) Updating GIO module cache...
(3/8) Probing GTK2 input method modules...
(4/8) Updating icon theme caches...
(5/8) Cleaning up package cache...
(6/8) Arming ConditionNeedsUpdate...
(7/8) Updating the desktop file MIME type cache...
(8/8) Updating the MIME type database...
==> Checking buildtime dependencies...
==> Retrieving sources...
  -> Found spotify
  -> Found spotify.protocol
  -> Found LICENSE
  -> Downloading spotify-client_1.0.66.478.g1296534d-39_amd64.deb...
  % Total    % Received % Xferd  Average Speed   Time    Time     Time  Current
                                 Dload  Upload   Total   Spent    Left  Speed
  0     0    0     0    0     0      0      0 --:--:-- --:--:-- --:--:--     0  0 86.7M    0  251k    0     0   251k      0  0:05:53 --:--:--  0:05:53 1157k 45 86.7M   45 39.6M    0     0  39.6M      0  0:00:02  0:00:01  0:00:01 32.6M 96 86.7M   96 83.8M    0     0  41.9M      0  0:00:02  0:00:02 --:--:-- 37.8M100 86.7M  100 86.7M    0     0  43.3M      0  0:00:02  0:00:02 --:--:-- 38.1M
==> Validating source files with sha256sums...
    spotify ... Passed
    spotify.protocol ... Passed
    LICENSE ... Passed
==> Validating source_x86_64 files with sha256sums...
    spotify-client_1.0.66.478.g1296534d-39_amd64.deb ... Passed
==> Extracting sources...
  -> Extracting spotify-client_1.0.66.478.g1296534d-39_amd64.deb with bsdtar
==> Entering fakeroot environment...
==> Starting package()...
==> Tidying install...
  -> Removing libtool files...
  -> Purging unwanted files...
  -> Removing static library files...
  -> Compressing man and info pages...
==> Checking for packaging issue...
==> Creating package "spotify"...
  -> Generating .PKGINFO file...
  -> Generating .BUILDINFO file...
  -> Generating .MTREE file...
  -> Compressing package...
==> Signing package...
  -> Created signature file /home/builder/aur-build/repo/spotify-1.0.66.478-1-x86_64.pkg.tar.xz.sig.
==> Leaving fakeroot environment.
==> Finished making: spotify 1.0.66.478-1 (Sun Nov 12 20:45:48 UTC 2017)
==> Installing package spotify with pacman -U...
loading packages...
resolving dependencies...
looking for conflicting packages...

Packages (1) spotify-1.0.66.478-1

Total Installed Size:  207.01 MiB

:: Proceed with installation? [Y/n] warning: no /var/cache/pacman/pkg/ cache exists, creating...

checking keyring...
checking package integrity...
loading package files...
checking for file conflicts...
checking available disk space...
:: Processing package changes...
installing spotify...
Optional dependencies for spotify
    ffmpeg0.10: Adds support for playback of local files
    zenity: Adds support for importing local files
:: Running post-transaction hooks...
(1/4) Updating icon theme caches...
(2/4) Cleaning up package cache...
(3/4) Arming ConditionNeedsUpdate...
(4/4) Updating the desktop file MIME type cache...
