==> WARNING: A package has already been built, installing existing package...
==> Installing package sshrc with pacman -U...
loading packages...
resolving dependencies...
looking for conflicting packages...

Packages (5) dnssec-anchors-20170711-1  ldns-1.7.0-4  libedit-20170329_3.1-1  openssh-7.6p1-1  sshrc-0.6.1-1

Total Download Size:   1.24 MiB
Total Installed Size:  6.84 MiB

:: Proceed with installation? [Y/n] warning: no /var/cache/pacman/pkg/ cache exists, creating...

:: Retrieving packages...
downloading libedit-20170329_3.1-1-x86_64.pkg.tar.xz...
downloading dnssec-anchors-20170711-1-any.pkg.tar.xz...
downloading ldns-1.7.0-4-x86_64.pkg.tar.xz...
downloading openssh-7.6p1-1-x86_64.pkg.tar.xz...
checking keyring...
checking package integrity...
loading package files...
checking for file conflicts...
checking available disk space...
:: Processing package changes...
installing libedit...
installing dnssec-anchors...
installing ldns...
Optional dependencies for ldns
    libpcap: ldns-dpa tool [installed]
installing openssh...
Optional dependencies for openssh
    xorg-xauth: X11 forwarding
    x11-ssh-askpass: input passphrase in X
installing sshrc...
:: Running post-transaction hooks...
(1/3) Cleaning up package cache...
(2/3) Creating temporary files...
(3/3) Arming ConditionNeedsUpdate...
