==> Making package: sshrc 0.6.1-1 (Sun Nov 12 20:45:55 UTC 2017)
==> Checking runtime dependencies...
==> Installing missing dependencies...
resolving dependencies...
looking for conflicting packages...

Packages (4) dnssec-anchors-20170711-1  ldns-1.7.0-3  libedit-20170329_3.1-1  openssh-7.6p1-1

Total Download Size:   1.23 MiB
Total Installed Size:  6.76 MiB

:: Proceed with installation? [Y/n] warning: no /var/cache/pacman/pkg/ cache exists, creating...

:: Retrieving packages...
downloading libedit-20170329_3.1-1-x86_64.pkg.tar.xz...
downloading dnssec-anchors-20170711-1-any.pkg.tar.xz...
downloading ldns-1.7.0-3-x86_64.pkg.tar.xz...
downloading openssh-7.6p1-1-x86_64.pkg.tar.xz...
checking keyring...
checking package integrity...
loading package files...
checking for file conflicts...
checking available disk space...
:: Processing package changes...
installing libedit...
installing dnssec-anchors...
installing ldns...
Optional dependencies for ldns
    libpcap: ldns-dpa tool [installed]
installing openssh...
Optional dependencies for openssh
    xorg-xauth: X11 forwarding
    x11-ssh-askpass: input passphrase in X
:: Running post-transaction hooks...
(1/3) Cleaning up package cache...
(2/3) Creating temporary files...
(3/3) Arming ConditionNeedsUpdate...
==> Checking buildtime dependencies...
==> Retrieving sources...
  -> Downloading 0.6.1.zip...
  % Total    % Received % Xferd  Average Speed   Time    Time     Time  Current
                                 Dload  Upload   Total   Spent    Left  Speed
  0     0    0     0    0     0      0      0 --:--:-- --:--:-- --:--:--     0  0     0    0     0    0     0      0      0 --:--:-- --:--:-- --:--:--     0100   119    0   119    0     0    119      0 --:--:-- --:--:-- --:--:--   712
100  4836    0  4836    0     0   4836      0 --:--:-- --:--:-- --:--:--  4836
==> Validating source files with md5sums...
    0.6.1.zip ... Passed
==> Extracting sources...
  -> Extracting 0.6.1.zip with bsdtar
==> Entering fakeroot environment...
==> Starting package()...
==> Tidying install...
  -> Removing libtool files...
  -> Purging unwanted files...
  -> Removing static library files...
  -> Stripping unneeded symbols from binaries and libraries...
  -> Compressing man and info pages...
==> Checking for packaging issue...
==> Creating package "sshrc"...
  -> Generating .PKGINFO file...
  -> Generating .BUILDINFO file...
  -> Generating .MTREE file...
  -> Compressing package...
==> Signing package...
  -> Created signature file /home/builder/aur-build/repo/sshrc-0.6.1-1-any.pkg.tar.xz.sig.
==> Leaving fakeroot environment.
==> Finished making: sshrc 0.6.1-1 (Sun Nov 12 20:45:59 UTC 2017)
==> Installing package sshrc with pacman -U...
loading packages...
resolving dependencies...
looking for conflicting packages...

Packages (1) sshrc-0.6.1-1

Total Installed Size:  0.03 MiB

:: Proceed with installation? [Y/n] warning: no /var/cache/pacman/pkg/ cache exists, creating...

checking keyring...
checking package integrity...
loading package files...
checking for file conflicts...
checking available disk space...
:: Processing package changes...
installing sshrc...
:: Running post-transaction hooks...
(1/2) Cleaning up package cache...
(2/2) Arming ConditionNeedsUpdate...
