==> Making package: texlive-moderncv-git v2.0.0.r10.g2033517-1 (Sun Nov 12 20:46:00 UTC 2017)
==> Checking runtime dependencies...
==> Installing missing dependencies...
resolving dependencies...
looking for conflicting packages...

Packages (3) perl-file-which-1.22-1  texlive-fontsextra-2017.45696-1  texlive-latexextra-2017.45733-1

Total Download Size:   314.85 MiB
Total Installed Size:  868.85 MiB

:: Proceed with installation? [Y/n] warning: no /var/cache/pacman/pkg/ cache exists, creating...

:: Retrieving packages...
downloading perl-file-which-1.22-1-any.pkg.tar.xz...
downloading texlive-latexextra-2017.45733-1-any.pkg.tar.xz...
downloading texlive-fontsextra-2017.45696-1-any.pkg.tar.xz...
checking keyring...
checking package integrity...
loading package files...
checking for file conflicts...
checking available disk space...
:: Processing package changes...
installing perl-file-which...
installing texlive-latexextra...
Optional dependencies for texlive-latexextra
    texlive-genericextra: to use the calctab package [installed]
    texlive-pictures: to use the package overpic
    java-environment: to use pdfannotextractor
installing texlive-fontsextra...
:: Running post-transaction hooks...
(1/5) Warn about old perl modules
(2/5) Updating TeXLive filename database...
(3/5) Cleaning up package cache...
(4/5) Arming ConditionNeedsUpdate...
(5/5) Updating TeXLive font maps...
==> Checking buildtime dependencies...
==> Retrieving sources...
  -> Cloning moderncv git repo...
Cloning into bare repository '/home/builder/aur-build/texlive-moderncv-git/moderncv'...
==> Validating source files with md5sums...
    moderncv ... Skipped
==> Extracting sources...
  -> Creating working copy of moderncv git repo...
Cloning into 'moderncv'...
done.
==> Starting pkgver()...
==> Entering fakeroot environment...
==> Starting package()...
==> Tidying install...
  -> Removing libtool files...
  -> Purging unwanted files...
  -> Removing static library files...
  -> Stripping unneeded symbols from binaries and libraries...
  -> Compressing man and info pages...
==> Checking for packaging issue...
==> Creating package "texlive-moderncv-git"...
  -> Generating .PKGINFO file...
  -> Generating .BUILDINFO file...
  -> Generating .MTREE file...
  -> Compressing package...
==> Signing package...
  -> Created signature file /home/builder/aur-build/repo/texlive-moderncv-git-v2.0.0.r10.g2033517-1-any.pkg.tar.xz.sig.
==> Leaving fakeroot environment.
==> Finished making: texlive-moderncv-git v2.0.0.r10.g2033517-1 (Sun Nov 12 20:46:47 UTC 2017)
==> Installing package texlive-moderncv-git with pacman -U...
loading packages...
resolving dependencies...
looking for conflicting packages...

Packages (1) texlive-moderncv-git-v2.0.0.r10.g2033517-1

Total Installed Size:  0.20 MiB

:: Proceed with installation? [Y/n] warning: no /var/cache/pacman/pkg/ cache exists, creating...

checking keyring...
checking package integrity...
loading package files...
checking for file conflicts...
checking available disk space...
:: Processing package changes...
installing texlive-moderncv-git...
:: Running post-transaction hooks...
(1/3) Updating TeXLive filename database...
(2/3) Cleaning up package cache...
(3/3) Arming ConditionNeedsUpdate...
