==> Making package: tor-browser-en 7.0.10-1 (Thu Nov 16 03:50:04 UTC 2017)
==> Checking runtime dependencies...
==> Installing missing dependencies...
resolving dependencies...
looking for conflicting packages...

Packages (7) xcb-util-0.4.0-1  hunspell-1.6.2-1  libevent-2.1.8-1  libvpx-1.6.1-1  mime-types-9-1  mozilla-common-1.4-4  startup-notification-0.12-5

Total Download Size:   1.62 MiB
Total Installed Size:  6.75 MiB

:: Proceed with installation? [Y/n] warning: no /var/cache/pacman/pkg/ cache exists, creating...

:: Retrieving packages...
downloading libevent-2.1.8-1-x86_64.pkg.tar.xz...
downloading mozilla-common-1.4-4-any.pkg.tar.xz...
downloading xcb-util-0.4.0-1-x86_64.pkg.tar.xz...
downloading startup-notification-0.12-5-x86_64.pkg.tar.xz...
downloading mime-types-9-1-any.pkg.tar.xz...
downloading libvpx-1.6.1-1-x86_64.pkg.tar.xz...
downloading hunspell-1.6.2-1-x86_64.pkg.tar.xz...
checking keyring...
checking package integrity...
loading package files...
checking for file conflicts...
checking available disk space...
:: Processing package changes...
installing mozilla-common...
relogin or source /etc/profile.d/mozilla-common.sh
installing xcb-util...
installing startup-notification...
installing mime-types...
installing libvpx...
installing libevent...
Optional dependencies for libevent
    python2: to use event_rpcgen.py
installing hunspell...
Optional dependencies for hunspell
    perl: for ispellaff2myspell [installed]
:: Running post-transaction hooks...
(1/2) Cleaning up package cache...
(2/2) Arming ConditionNeedsUpdate...
==> Checking buildtime dependencies...
==> Retrieving sources...
  -> Downloading tor-browser-linux64-7.0.10_en-US.tar.xz...
  % Total    % Received % Xferd  Average Speed   Time    Time     Time  Current
                                 Dload  Upload   Total   Spent    Left  Speed
  0     0    0     0    0     0      0      0 --:--:-- --:--:-- --:--:--     0  0     0    0     0    0     0      0      0 --:--:-- --:--:-- --:--:--     0 46 65.8M   46 30.3M    0     0  30.3M      0  0:00:02  0:00:01  0:00:01 28.9M100 65.8M  100 65.8M    0     0  65.8M      0  0:00:01  0:00:01 --:--:-- 36.7M
  -> Downloading tor-browser-linux64-7.0.10_en-US.tar.xz.asc...
  % Total    % Received % Xferd  Average Speed   Time    Time     Time  Current
                                 Dload  Upload   Total   Spent    Left  Speed
  0     0    0     0    0     0      0      0 --:--:-- --:--:-- --:--:--     0100   801  100   801    0     0    801      0  0:00:01 --:--:--  0:00:01 11955
  -> Found tor-browser-en.desktop
  -> Found tor-browser-en.png
  -> Found tor-browser-en.sh
==> Validating source files with md5sums...
    tor-browser-linux64-7.0.10_en-US.tar.xz ... Passed
    tor-browser-linux64-7.0.10_en-US.tar.xz.asc ... Skipped
    tor-browser-en.desktop ... Passed
    tor-browser-en.png ... Passed
    tor-browser-en.sh ... Passed
==> Validating source files with sha256sums...
    tor-browser-linux64-7.0.10_en-US.tar.xz ... Passed
    tor-browser-linux64-7.0.10_en-US.tar.xz.asc ... Skipped
    tor-browser-en.desktop ... Passed
    tor-browser-en.png ... Passed
    tor-browser-en.sh ... Passed
==> Validating source files with sha512sums...
    tor-browser-linux64-7.0.10_en-US.tar.xz ... Passed
    tor-browser-linux64-7.0.10_en-US.tar.xz.asc ... Skipped
    tor-browser-en.desktop ... Passed
    tor-browser-en.png ... Passed
    tor-browser-en.sh ... Passed
==> Verifying source file signatures with gpg...
    tor-browser-linux64-7.0.10_en-US.tar.xz ... Passed
==> Extracting sources...
==> Entering fakeroot environment...
==> Starting package()...
==> Tidying install...
  -> Removing libtool files...
  -> Purging unwanted files...
  -> Removing static library files...
  -> Stripping unneeded symbols from binaries and libraries...
  -> Compressing man and info pages...
==> Checking for packaging issue...
==> Creating package "tor-browser-en"...
  -> Generating .PKGINFO file...
  -> Generating .BUILDINFO file...
  -> Adding install file...
  -> Generating .MTREE file...
  -> Compressing package...
==> Signing package...
  -> Created signature file /home/builder/aur-build/repo/tor-browser-en-7.0.10-1-x86_64.pkg.tar.xz.sig.
==> Leaving fakeroot environment.
==> Finished making: tor-browser-en 7.0.10-1 (Thu Nov 16 03:50:48 UTC 2017)
==> Installing package tor-browser-en with pacman -U...
loading packages...
resolving dependencies...
looking for conflicting packages...

Packages (1) tor-browser-en-7.0.10-1

Total Installed Size:  65.92 MiB

:: Proceed with installation? [Y/n] warning: no /var/cache/pacman/pkg/ cache exists, creating...

checking keyring...
checking package integrity...
loading package files...
checking for file conflicts...
checking available disk space...
:: Processing package changes...
installing tor-browser-en...

==> If you want to verify the gnupg signature you have to
==> import the proper public key first (Found on https://www.torproject.org/docs/signing-keys.html.en).
==> Choose one and use the following command to import it:
==> 
==> gpg --recv-keys <keyid>
==> 
==> After that, signature verifying should work.


==> tor-browser-en will be extracted to ~/.tor-browser-en
==> the first time you run tor-browser-en as your normal user!
==> Just start it and have fun.

Optional dependencies for tor-browser-en
    zenity: simple dialog boxes
    kdialog: KDE dialog boxes
    gst-plugins-good: h.264 video
    gst-libav: h.264 video
    libpulse: PulseAudio audio driver
    libnotify: Gnome dialog boxes
:: Running post-transaction hooks...
(1/3) Cleaning up package cache...
(2/3) Arming ConditionNeedsUpdate...
(3/3) Updating the desktop file MIME type cache...
