==> WARNING: A package has already been built, installing existing package...
==> Installing package tor-browser-en with pacman -U...
loading packages...
resolving dependencies...
looking for conflicting packages...

Packages (8) hunspell-1.6.2-1  libevent-2.1.8-1  libvpx-1.6.1-1  mailcap-2.1.48+14+g5811758-1  mozilla-common-1.4-4  startup-notification-0.12-5  xcb-util-0.4.0-1  tor-browser-en-7.0.10-1

Total Download Size:    1.63 MiB
Total Installed Size:  72.70 MiB

:: Proceed with installation? [Y/n] warning: no /var/cache/pacman/pkg/ cache exists, creating...

:: Retrieving packages...
downloading libevent-2.1.8-1-x86_64.pkg.tar.xz...
downloading mozilla-common-1.4-4-any.pkg.tar.xz...
downloading xcb-util-0.4.0-1-x86_64.pkg.tar.xz...
downloading startup-notification-0.12-5-x86_64.pkg.tar.xz...
downloading mailcap-2.1.48+14+g5811758-1-any.pkg.tar.xz...
downloading libvpx-1.6.1-1-x86_64.pkg.tar.xz...
downloading hunspell-1.6.2-1-x86_64.pkg.tar.xz...
checking keyring...
checking package integrity...
loading package files...
checking for file conflicts...
checking available disk space...
:: Processing package changes...
installing mozilla-common...
relogin or source /etc/profile.d/mozilla-common.sh
installing xcb-util...
installing startup-notification...
installing mailcap...
installing libvpx...
installing libevent...
Optional dependencies for libevent
    python2: to use event_rpcgen.py
installing hunspell...
Optional dependencies for hunspell
    perl: for ispellaff2myspell [installed]
installing tor-browser-en...

==> If you want to verify the gnupg signature you have to
==> import the proper public key first (Found on https://www.torproject.org/docs/signing-keys.html.en).
==> Choose one and use the following command to import it:
==> 
==> gpg --recv-keys <keyid>
==> 
==> After that, signature verifying should work.


==> tor-browser-en will be extracted to ~/.tor-browser-en
==> the first time you run tor-browser-en as your normal user!
==> Just start it and have fun.

Optional dependencies for tor-browser-en
    zenity: simple dialog boxes
    kdialog: KDE dialog boxes
    gst-plugins-good: h.264 video
    gst-libav: h.264 video
    libpulse: PulseAudio audio driver
    libnotify: Gnome dialog boxes
:: Running post-transaction hooks...
(1/3) Cleaning up package cache...
(2/3) Arming ConditionNeedsUpdate...
(3/3) Updating the desktop file MIME type cache...
