==> WARNING: A package has already been built, installing existing package...
==> Installing package ttf-ms-fonts with pacman -U...
loading packages...
resolving dependencies...
looking for conflicting packages...

Packages (2) xorg-fonts-encodings-1.0.4-4  ttf-ms-fonts-2.0-10

Total Download Size:   0.55 MiB
Total Installed Size:  6.07 MiB

:: Proceed with installation? [Y/n] warning: no /var/cache/pacman/pkg/ cache exists, creating...

:: Retrieving packages...
downloading xorg-fonts-encodings-1.0.4-4-any.pkg.tar.xz...
checking keyring...
checking package integrity...
loading package files...
checking for file conflicts...
checking available disk space...
:: Processing package changes...
installing xorg-fonts-encodings...
installing ttf-ms-fonts...
:: Running post-transaction hooks...
(1/4) Updating fontconfig cache...
(2/4) Cleaning up package cache...
(3/4) Arming ConditionNeedsUpdate...
(4/4) Updating X fontdir indices...
