==> Making package: wd719x-firmware 1-3 (Sun Nov 12 20:48:16 UTC 2017)
==> Checking runtime dependencies...
==> Checking buildtime dependencies...
==> Installing missing dependencies...
resolving dependencies...
looking for conflicting packages...

Packages (1) lhasa-0.3.1-1

Total Download Size:   0.03 MiB
Total Installed Size:  0.15 MiB

:: Proceed with installation? [Y/n] warning: no /var/cache/pacman/pkg/ cache exists, creating...

:: Retrieving packages...
downloading lhasa-0.3.1-1-x86_64.pkg.tar.xz...
checking keyring...
checking package integrity...
loading package files...
checking for file conflicts...
checking available disk space...
:: Processing package changes...
installing lhasa...
:: Running post-transaction hooks...
(1/2) Cleaning up package cache...
(2/2) Arming ConditionNeedsUpdate...
==> Retrieving sources...
  -> Downloading pciscsi.exe...
  % Total    % Received % Xferd  Average Speed   Time    Time     Time  Current
                                 Dload  Upload   Total   Spent    Left  Speed
  0     0    0     0    0     0      0      0 --:--:-- --:--:-- --:--:--     0  0  498k    0  1918    0     0   1918      0  0:04:26 --:--:--  0:04:26 12374100  498k  100  498k    0     0   498k      0  0:00:01 --:--:--  0:00:01 1939k
==> Validating source files with md5sums...
    pciscsi.exe ... Passed
==> Extracting sources...
==> Starting build()...
pci-scsi.exe	- Melting  :  ..........................................pci-scsi.exe	- Melting  :  oooooooooooooooooooooooooooooooooooooooooopci-scsi.exe	- Melted  
wd7296a.sys	- Melting  :  .......wd7296a.sys	- Melting  :  ooooooowd7296a.sys	- Melted  
14336+0 records in
14336+0 records out
14336 bytes (14 kB, 14 KiB) copied, 0.0156874 s, 914 kB/s
514+0 records in
514+0 records out
514 bytes copied, 0.000694044 s, 741 kB/s
==> Entering fakeroot environment...
==> Starting package()...
==> Tidying install...
  -> Removing libtool files...
  -> Purging unwanted files...
  -> Removing static library files...
  -> Stripping unneeded symbols from binaries and libraries...
  -> Compressing man and info pages...
==> Checking for packaging issue...
==> Creating package "wd719x-firmware"...
  -> Generating .PKGINFO file...
  -> Generating .BUILDINFO file...
  -> Generating .MTREE file...
  -> Compressing package...
==> Signing package...
  -> Created signature file /home/builder/aur-build/repo/wd719x-firmware-1-3-any.pkg.tar.xz.sig.
==> Leaving fakeroot environment.
==> Finished making: wd719x-firmware 1-3 (Sun Nov 12 20:48:19 UTC 2017)
==> Installing package wd719x-firmware with pacman -U...
loading packages...
resolving dependencies...
looking for conflicting packages...

Packages (1) wd719x-firmware-1-3

Total Installed Size:  0.03 MiB

:: Proceed with installation? [Y/n] warning: no /var/cache/pacman/pkg/ cache exists, creating...

checking keyring...
checking package integrity...
loading package files...
checking for file conflicts...
checking available disk space...
:: Processing package changes...
installing wd719x-firmware...
:: Running post-transaction hooks...
(1/2) Cleaning up package cache...
(2/2) Arming ConditionNeedsUpdate...
